
Jupyter server is running on: gpu-23
Job starts at: Fri Apr 17 14:46:34 EDT 2020

Step 1 :

If you are working in NYU campus, please open an iTerm window, run command

ssh -L 27604:localhost:27604 nsk367@prince.hpc.nyu.edu

If you are working off campus, you should already have ssh tunneling setup through HPC bastion host, 
that you can directly login to prince with command

ssh nsk367@prince

Please open an iTerm window, run command

ssh -L 27604:localhost:27604 nsk367@prince

Step 2:

Keep the iTerm windows in the previouse step open. Now open browser, find the line with

The Jupyter Notebook is running at: gpu-23

the URL is something: http://localhost:27604/?token=XXXXXXXX (see your token below)

you should be able to connect to jupyter notebook running remotly on prince compute node with above url

[I 14:46:47.192 NotebookApp] Serving notebooks from local directory: /scratch/nsk367/pytorch-use/DLSP20/driving-dirty
[I 14:46:47.192 NotebookApp] The Jupyter Notebook is running at:
[I 14:46:47.192 NotebookApp] http://localhost:27604/?token=75649dcb8af3efb7e6cbb900acc06375217a57fb49b92739
[I 14:46:47.192 NotebookApp]  or http://127.0.0.1:27604/?token=75649dcb8af3efb7e6cbb900acc06375217a57fb49b92739
[I 14:46:47.193 NotebookApp] Use Control-C to stop this server and shut down all kernels (twice to skip confirmation).
[C 14:46:47.232 NotebookApp] 
    
    To access the notebook, open this file in a browser:
        file:///home/nsk367/.local/share/jupyter/runtime/nbserver-5837-open.html
    Or copy and paste one of these URLs:
        http://localhost:27604/?token=75649dcb8af3efb7e6cbb900acc06375217a57fb49b92739
     or http://127.0.0.1:27604/?token=75649dcb8af3efb7e6cbb900acc06375217a57fb49b92739
[I 14:47:25.593 NotebookApp] 302 GET /?token=75649dcb8af3efb7e6cbb900acc06375217a57fb49b92739 (::1) 0.85ms
[I 14:49:13.202 NotebookApp] Kernel started: 5cc3d234-fa2f-4f04-80da-ebe706823fd1
[I 14:51:14.333 NotebookApp] Saving file at /(not) Not a baseline.ipynb
[I 14:52:08.675 NotebookApp] Saving file at /(not) Not a baseline.ipynb
[I 14:53:14.211 NotebookApp] Saving file at /(not) Not a baseline.ipynb
[I 14:57:14.235 NotebookApp] Saving file at /(not) Not a baseline.ipynb
[I 14:59:13.303 NotebookApp] Saving file at /(not) Not a baseline.ipynb
[I 14:59:52.736 NotebookApp] Starting buffering for 5cc3d234-fa2f-4f04-80da-ebe706823fd1:7ff8e660906b49798d62704baaeb0950
[I 14:59:54.005 NotebookApp] Kernel restarted: 5cc3d234-fa2f-4f04-80da-ebe706823fd1
[I 14:59:59.672 NotebookApp] Restoring connection for 5cc3d234-fa2f-4f04-80da-ebe706823fd1:7ff8e660906b49798d62704baaeb0950
[I 14:59:59.672 NotebookApp] Replaying 6 buffered messages
[I 15:01:13.699 NotebookApp] Saving file at /(not) Not a baseline.ipynb
[I 15:03:14.193 NotebookApp] Saving file at /(not) Not a baseline.ipynb
[I 15:07:53.843 NotebookApp] Starting buffering for 5cc3d234-fa2f-4f04-80da-ebe706823fd1:7ff8e660906b49798d62704baaeb0950
[I 15:07:56.095 NotebookApp] Kernel restarted: 5cc3d234-fa2f-4f04-80da-ebe706823fd1
[I 15:08:02.296 NotebookApp] Restoring connection for 5cc3d234-fa2f-4f04-80da-ebe706823fd1:7ff8e660906b49798d62704baaeb0950
[I 15:08:02.296 NotebookApp] Replaying 6 buffered messages
[I 15:09:13.757 NotebookApp] Saving file at /(not) Not a baseline.ipynb
[I 15:10:47.303 NotebookApp] Saving file at /(not) Not a baseline.ipynb
[I 15:11:04.161 NotebookApp] Saving file at /(not) Not a baseline.ipynb
[I 15:11:12.984 NotebookApp] Saving file at /(not) Not a baseline.ipynb
[I 15:13:12.985 NotebookApp] Saving file at /(not) Not a baseline.ipynb
[I 15:14:46.531 NotebookApp] Saving file at /(not) Not a baseline.ipynb
[I 15:20:10.521 NotebookApp] Saving file at /(not) Not a baseline.ipynb
[I 15:20:27.775 NotebookApp] Saving file at /(not) Not a baseline.ipynb
[I 15:21:13.258 NotebookApp] Saving file at /(not) Not a baseline.ipynb
[I 15:21:25.423 NotebookApp] Saving file at /(not) Not a baseline.ipynb
[I 15:24:34.019 NotebookApp] Saving file at /(not) Not a baseline.ipynb
[I 15:26:03.703 NotebookApp] Saving file at /(not) Not a baseline.ipynb
[I 15:26:28.127 NotebookApp] Saving file at /(not) Not a baseline.ipynb
[I 15:26:32.185 NotebookApp] Saving file at /(not) Not a baseline.ipynb
[I 15:28:51.077 NotebookApp] Saving file at /(not) Not a baseline.ipynb
[I 15:31:13.254 NotebookApp] Saving file at /(not) Not a baseline.ipynb
[I 15:31:47.128 NotebookApp] Saving file at /(not) Not a baseline.ipynb
[I 15:32:04.246 NotebookApp] Saving file at /(not) Not a baseline.ipynb
[I 15:32:28.900 NotebookApp] Saving file at /(not) Not a baseline.ipynb
[I 15:32:30.230 NotebookApp] Saving file at /(not) Not a baseline.ipynb
[I 15:33:13.101 NotebookApp] Saving file at /(not) Not a baseline.ipynb
[I 15:35:08.864 NotebookApp] Saving file at /(not) Not a baseline.ipynb
[I 15:35:09.525 NotebookApp] Saving file at /(not) Not a baseline.ipynb
[I 15:35:10.264 NotebookApp] Saving file at /(not) Not a baseline.ipynb
[I 15:35:10.799 NotebookApp] Starting buffering for 5cc3d234-fa2f-4f04-80da-ebe706823fd1:7ff8e660906b49798d62704baaeb0950
