Total number of parameters in network: 205719
device  cuda:0
validation error = 1.710e-01
000 1.9928e-03 2.9857e-01
001 7.7992e-04 1.9167e-01
002 6.3171e-04 3.3064e-01
003 5.1434e-04 2.3433e-01
004 4.2624e-04 1.1659e-01 (saving)
005 3.6240e-04 1.4502e-01
006 3.2622e-04 9.9767e-02 (saving)
007 2.9001e-04 8.1676e-02 (saving)
008 2.7103e-04 9.0943e-02
009 2.4379e-04 7.3416e-02 (saving)
010 2.3450e-04 7.2224e-02 (saving)
011 2.1977e-04 9.0391e-02
012 2.0822e-04 7.7742e-02
013 1.9613e-04 5.5948e-02 (saving)
014 1.8575e-04 7.4573e-02
015 1.8024e-04 1.5119e-01
016 1.7683e-04 5.6907e-02
017 1.6772e-04 7.7294e-02
018 1.5866e-04 6.9220e-02
019 1.5584e-04 7.4422e-02
Epoch    20: reducing learning rate of group 0 to 5.0000e-04.
020 1.1892e-04 4.7765e-02 (saving)
021 1.1712e-04 5.8796e-02
022 1.1484e-04 4.2775e-02 (saving)
023 1.1206e-04 3.8345e-02 (saving)
024 1.0862e-04 4.5503e-02
