Total number of parameters in network: 9161874
device  cuda:0
validation error = 4.454e-01
000 5.0687e-02 6.4766e+00
001 1.8120e-02 2.0542e+01
002 2.5027e-02 2.1034e+01
003 2.4587e-02 1.9509e+01
004 2.3434e-02 1.7857e+01
005 2.2482e-02 2.0770e+01
006 2.2830e-02 2.1491e+01
Epoch     7: reducing learning rate of group 0 to 5.0000e-04.
007 2.2105e-02 2.1524e+01
008 2.1787e-02 1.7604e+01
009 2.1725e-02 1.0812e+03
010 2.1717e-02 1.6987e+01
011 2.1576e-02 1.0163e+04
012 2.1531e-02 2.1618e+01
Epoch    13: reducing learning rate of group 0 to 2.5000e-04.
013 2.1346e-02 2.4843e+01
014 2.1317e-02 1.8277e+01
